{"/Users/radu.sadovei/Desktop/Development/Personal/react-github-repository/src/App.tsx": {"path":"/Users/radu.sadovei/Desktop/Development/Personal/react-github-repository/src/App.tsx","statementMap":{"0":{"start":{"line":2,"column":0},"end":{"line":2,"column":41}},"1":{"start":{"line":3,"column":0},"end":{"line":3,"column":29}},"2":{"start":{"line":5,"column":22},"end":{"line":11,"column":1}},"3":{"start":{"line":6,"column":2},"end":{"line":10,"column":null}},"4":{"start":{"line":13,"column":0},"end":{"line":13,"column":null}}},"fnMap":{"0":{"name":"(anonymous_0)","decl":{"start":{"line":5,"column":22},"end":{"line":5,"column":25}},"loc":{"start":{"line":5,"column":27},"end":{"line":11,"column":1}}}},"branchMap":{},"s":{"0":1,"1":1,"2":1,"3":1,"4":1},"f":{"0":1},"b":{}}
,"/Users/radu.sadovei/Desktop/Development/Personal/react-github-repository/src/components/list/list.tsx": {"path":"/Users/radu.sadovei/Desktop/Development/Personal/react-github-repository/src/components/list/list.tsx","statementMap":{"0":{"start":{"line":1,"column":0},"end":{"line":1,"column":41}},"1":{"start":{"line":2,"column":0},"end":{"line":2,"column":43}},"2":{"start":{"line":3,"column":0},"end":{"line":3,"column":50}},"3":{"start":{"line":4,"column":0},"end":{"line":4,"column":20}},"4":{"start":{"line":5,"column":0},"end":{"line":5,"column":33}},"5":{"start":{"line":6,"column":0},"end":{"line":6,"column":61}},"6":{"start":{"line":14,"column":20},"end":{"line":32,"column":null}},"7":{"start":{"line":19,"column":6},"end":{"line":19,"column":72}},"8":{"start":{"line":25,"column":64},"end":{"line":25,"column":78}},"9":{"start":{"line":30,"column":54},"end":{"line":30,"column":63}},"10":{"start":{"line":33,"column":23},"end":{"line":33,"column":25}},"11":{"start":{"line":35,"column":23},"end":{"line":148,"column":1}},"12":{"start":{"line":36,"column":40},"end":{"line":36,"column":75}},"13":{"start":{"line":37,"column":38},"end":{"line":37,"column":73}},"14":{"start":{"line":38,"column":40},"end":{"line":38,"column":59}},"15":{"start":{"line":39,"column":42},"end":{"line":39,"column":65}},"16":{"start":{"line":40,"column":46},"end":{"line":40,"column":70}},"17":{"start":{"line":41,"column":34},"end":{"line":45,"column":4}},"18":{"start":{"line":47,"column":46},"end":{"line":49,"column":4}},"19":{"start":{"line":51,"column":2},"end":{"line":59,"column":19}},"20":{"start":{"line":52,"column":28},"end":{"line":56,"column":12}},"21":{"start":{"line":53,"column":6},"end":{"line":53,"column":33}},"22":{"start":{"line":54,"column":6},"end":{"line":54,"column":null}},"23":{"start":{"line":55,"column":6},"end":{"line":55,"column":null}},"24":{"start":{"line":58,"column":4},"end":{"line":58,"column":47}},"25":{"start":{"line":58,"column":17},"end":{"line":58,"column":46}},"26":{"start":{"line":61,"column":2},"end":{"line":69,"column":13}},"27":{"start":{"line":62,"column":4},"end":{"line":68,"column":5}},"28":{"start":{"line":63,"column":6},"end":{"line":67,"column":9}},"29":{"start":{"line":71,"column":27},"end":{"line":112,"column":3}},"30":{"start":{"line":72,"column":4},"end":{"line":72,"column":25}},"31":{"start":{"line":74,"column":4},"end":{"line":111,"column":5}},"32":{"start":{"line":75,"column":6},"end":{"line":75,"column":null}},"33":{"start":{"line":77,"column":6},"end":{"line":107,"column":7}},"34":{"start":{"line":78,"column":40},"end":{"line":93,"column":10}},"35":{"start":{"line":85,"column":12},"end":{"line":85,"column":46}},"36":{"start":{"line":85,"column":34},"end":{"line":85,"column":46}},"37":{"start":{"line":86,"column":12},"end":{"line":91,"column":15}},"38":{"start":{"line":96,"column":8},"end":{"line":100,"column":11}},"39":{"start":{"line":102,"column":8},"end":{"line":102,"column":61}},"40":{"start":{"line":102,"column":39},"end":{"line":102,"column":59}},"41":{"start":{"line":104,"column":8},"end":{"line":104,"column":58}},"42":{"start":{"line":106,"column":8},"end":{"line":106,"column":33}},"43":{"start":{"line":109,"column":6},"end":{"line":109,"column":null}},"44":{"start":{"line":109,"column":37},"end":{"line":109,"column":57}},"45":{"start":{"line":114,"column":28},"end":{"line":116,"column":3}},"46":{"start":{"line":115,"column":4},"end":{"line":115,"column":34}},"47":{"start":{"line":118,"column":2},"end":{"line":147,"column":4}},"48":{"start":{"line":126,"column":29},"end":{"line":126,"column":46}},"49":{"start":{"line":135,"column":30},"end":{"line":135,"column":44}},"50":{"start":{"line":150,"column":0},"end":{"line":150,"column":null}}},"fnMap":{"0":{"name":"(anonymous_0)","decl":{"start":{"line":18,"column":12},"end":{"line":18,"column":13}},"loc":{"start":{"line":19,"column":6},"end":{"line":19,"column":72}}},"1":{"name":"(anonymous_1)","decl":{"start":{"line":25,"column":12},"end":{"line":25,"column":13}},"loc":{"start":{"line":25,"column":64},"end":{"line":25,"column":78}}},"2":{"name":"(anonymous_2)","decl":{"start":{"line":30,"column":12},"end":{"line":30,"column":13}},"loc":{"start":{"line":30,"column":54},"end":{"line":30,"column":63}}},"3":{"name":"(anonymous_3)","decl":{"start":{"line":35,"column":23},"end":{"line":35,"column":26}},"loc":{"start":{"line":35,"column":28},"end":{"line":148,"column":1}}},"4":{"name":"(anonymous_4)","decl":{"start":{"line":51,"column":12},"end":{"line":51,"column":15}},"loc":{"start":{"line":51,"column":17},"end":{"line":59,"column":3}}},"5":{"name":"(anonymous_5)","decl":{"start":{"line":52,"column":39},"end":{"line":52,"column":42}},"loc":{"start":{"line":52,"column":44},"end":{"line":56,"column":5}}},"6":{"name":"(anonymous_6)","decl":{"start":{"line":58,"column":11},"end":{"line":58,"column":14}},"loc":{"start":{"line":58,"column":17},"end":{"line":58,"column":46}}},"7":{"name":"(anonymous_7)","decl":{"start":{"line":61,"column":12},"end":{"line":61,"column":15}},"loc":{"start":{"line":61,"column":17},"end":{"line":69,"column":3}}},"8":{"name":"(anonymous_8)","decl":{"start":{"line":71,"column":27},"end":{"line":71,"column":32}},"loc":{"start":{"line":71,"column":50},"end":{"line":112,"column":3}}},"9":{"name":"(anonymous_9)","decl":{"start":{"line":84,"column":23},"end":{"line":84,"column":24}},"loc":{"start":{"line":84,"column":53},"end":{"line":92,"column":11}}},"10":{"name":"(anonymous_10)","decl":{"start":{"line":102,"column":24},"end":{"line":102,"column":25}},"loc":{"start":{"line":102,"column":39},"end":{"line":102,"column":59}}},"11":{"name":"(anonymous_11)","decl":{"start":{"line":109,"column":22},"end":{"line":109,"column":23}},"loc":{"start":{"line":109,"column":37},"end":{"line":109,"column":57}}},"12":{"name":"(anonymous_12)","decl":{"start":{"line":114,"column":28},"end":{"line":114,"column":29}},"loc":{"start":{"line":114,"column":71},"end":{"line":116,"column":3}}},"13":{"name":"(anonymous_13)","decl":{"start":{"line":126,"column":23},"end":{"line":126,"column":26}},"loc":{"start":{"line":126,"column":29},"end":{"line":126,"column":46}}},"14":{"name":"(anonymous_14)","decl":{"start":{"line":135,"column":18},"end":{"line":135,"column":19}},"loc":{"start":{"line":135,"column":30},"end":{"line":135,"column":44}}}},"branchMap":{"0":{"loc":{"start":{"line":62,"column":4},"end":{"line":68,"column":5}},"type":"if","locations":[{"start":{"line":62,"column":4},"end":{"line":68,"column":5}}]},"1":{"loc":{"start":{"line":62,"column":8},"end":{"line":62,"column":27}},"type":"binary-expr","locations":[{"start":{"line":62,"column":8},"end":{"line":62,"column":12}},{"start":{"line":62,"column":16},"end":{"line":62,"column":27}}]},"2":{"loc":{"start":{"line":74,"column":4},"end":{"line":111,"column":5}},"type":"if","locations":[{"start":{"line":74,"column":4},"end":{"line":111,"column":5}}]},"3":{"loc":{"start":{"line":74,"column":8},"end":{"line":74,"column":58}},"type":"binary-expr","locations":[{"start":{"line":74,"column":8},"end":{"line":74,"column":26}},{"start":{"line":74,"column":30},"end":{"line":74,"column":58}}]},"4":{"loc":{"start":{"line":85,"column":12},"end":{"line":85,"column":46}},"type":"if","locations":[{"start":{"line":85,"column":12},"end":{"line":85,"column":46}}]},"5":{"loc":{"start":{"line":128,"column":7},"end":{"line":145,"column":14}},"type":"cond-expr","locations":[{"start":{"line":129,"column":8},"end":{"line":129,"column":55}},{"start":{"line":130,"column":10},"end":{"line":145,"column":14}}]},"6":{"loc":{"start":{"line":128,"column":7},"end":{"line":128,"column":32}},"type":"binary-expr","locations":[{"start":{"line":128,"column":7},"end":{"line":128,"column":14}},{"start":{"line":128,"column":18},"end":{"line":128,"column":32}}]},"7":{"loc":{"start":{"line":130,"column":10},"end":{"line":145,"column":14}},"type":"cond-expr","locations":[{"start":{"line":131,"column":8},"end":{"line":131,"column":64}},{"start":{"line":132,"column":10},"end":{"line":145,"column":14}}]},"8":{"loc":{"start":{"line":132,"column":10},"end":{"line":145,"column":14}},"type":"cond-expr","locations":[{"start":{"line":133,"column":8},"end":{"line":143,"column":null}},{"start":{"line":145,"column":10},"end":{"line":145,"column":14}}]},"9":{"loc":{"start":{"line":140,"column":19},"end":{"line":140,"column":51}},"type":"binary-expr","locations":[{"start":{"line":140,"column":19},"end":{"line":140,"column":46}},{"start":{"line":140,"column":50},"end":{"line":140,"column":51}}]}},"s":{"0":2,"1":2,"2":2,"3":2,"4":2,"5":2,"6":2,"7":25,"8":25,"9":25,"10":2,"11":2,"12":14,"13":14,"14":14,"15":14,"16":14,"17":14,"18":14,"19":14,"20":7,"21":0,"22":0,"23":0,"24":7,"25":7,"26":14,"27":8,"28":2,"29":14,"30":1,"31":1,"32":1,"33":1,"34":1,"35":0,"36":0,"37":0,"38":0,"39":0,"40":0,"41":1,"42":1,"43":1,"44":1,"45":14,"46":0,"47":14,"48":1,"49":75,"50":2},"f":{"0":25,"1":25,"2":25,"3":14,"4":7,"5":0,"6":7,"7":8,"8":1,"9":0,"10":0,"11":1,"12":0,"13":1,"14":75},"b":{"0":[2],"1":[8,2],"2":[1],"3":[1,1],"4":[0],"5":[8,6],"6":[14,7],"7":[1,5],"8":[5,0],"9":[5,0]}}
,"/Users/radu.sadovei/Desktop/Development/Personal/react-github-repository/src/graphql/repositories.query.ts": {"path":"/Users/radu.sadovei/Desktop/Development/Personal/react-github-repository/src/graphql/repositories.query.ts","statementMap":{"0":{"start":{"line":1,"column":0},"end":{"line":1,"column":33}},"1":{"start":{"line":3,"column":13},"end":{"line":31,"column":2}}},"fnMap":{},"branchMap":{},"s":{"0":2,"1":2},"f":{},"b":{}}
}
