TN:
SF:src/App.tsx
FN:5,(anonymous_0)
FNF:1
FNH:1
FNDA:1,(anonymous_0)
DA:2,1
DA:3,1
DA:5,1
DA:6,1
DA:13,1
LF:5
LH:5
BRF:0
BRH:0
end_of_record
TN:
SF:src/components/list/list.tsx
FN:18,(anonymous_0)
FN:25,(anonymous_1)
FN:30,(anonymous_2)
FN:35,(anonymous_3)
FN:51,(anonymous_4)
FN:52,(anonymous_5)
FN:58,(anonymous_6)
FN:61,(anonymous_7)
FN:71,(anonymous_8)
FN:84,(anonymous_9)
FN:102,(anonymous_10)
FN:109,(anonymous_11)
FN:114,(anonymous_12)
FN:126,(anonymous_13)
FN:135,(anonymous_14)
FNF:15
FNH:11
FNDA:25,(anonymous_0)
FNDA:25,(anonymous_1)
FNDA:25,(anonymous_2)
FNDA:14,(anonymous_3)
FNDA:7,(anonymous_4)
FNDA:0,(anonymous_5)
FNDA:7,(anonymous_6)
FNDA:8,(anonymous_7)
FNDA:1,(anonymous_8)
FNDA:0,(anonymous_9)
FNDA:0,(anonymous_10)
FNDA:1,(anonymous_11)
FNDA:0,(anonymous_12)
FNDA:1,(anonymous_13)
FNDA:75,(anonymous_14)
DA:1,2
DA:2,2
DA:3,2
DA:4,2
DA:5,2
DA:6,2
DA:14,2
DA:19,25
DA:25,25
DA:30,25
DA:33,2
DA:35,2
DA:36,14
DA:37,14
DA:38,14
DA:39,14
DA:40,14
DA:41,14
DA:47,14
DA:51,14
DA:52,7
DA:53,0
DA:54,0
DA:55,0
DA:58,7
DA:61,14
DA:62,8
DA:63,2
DA:71,14
DA:72,1
DA:74,1
DA:75,1
DA:77,1
DA:78,1
DA:85,0
DA:86,0
DA:96,0
DA:102,0
DA:104,1
DA:106,1
DA:109,1
DA:114,14
DA:115,0
DA:118,14
DA:126,1
DA:135,75
DA:150,2
LF:47
LH:39
BRDA:62,0,0,2
BRDA:62,1,0,8
BRDA:62,1,1,2
BRDA:74,2,0,1
BRDA:74,3,0,1
BRDA:74,3,1,1
BRDA:85,4,0,0
BRDA:128,5,0,8
BRDA:128,5,1,6
BRDA:128,6,0,14
BRDA:128,6,1,7
BRDA:130,7,0,1
BRDA:130,7,1,5
BRDA:132,8,0,5
BRDA:132,8,1,0
BRDA:140,9,0,5
BRDA:140,9,1,0
BRF:17
BRH:14
end_of_record
TN:
SF:src/graphql/repositories.query.ts
FNF:0
FNH:0
DA:1,2
DA:3,2
LF:2
LH:2
BRF:0
BRH:0
end_of_record
